INFO 2019/08/18 16:01:31 Using config file: 
INFO 2019/08/18 16:01:31 syncing static files to D:\dev\hugo\nervous-lettuce\
INFO 2019/08/18 16:01:31 found taxonomies: map[string]string{"category":"categories", "tag":"tags"}
INFO 2019/08/18 16:01:31 found taxonomies: map[string]string{"category":"categories", "tag":"tags"}
INFO 2019/08/18 16:01:31 found taxonomies: map[string]string{"category":"categories", "tag":"tags"}
WARN 2019/08/18 16:01:31 found no layout file for "HTML" for "section": You should create a template file which matches Hugo Layouts Lookup Rules for this combination.
WARN 2019/08/18 16:01:31 found no layout file for "HTML" for "section": You should create a template file which matches Hugo Layouts Lookup Rules for this combination.
WARN 2019/08/18 16:01:31 found no layout file for "HTML" for "taxonomyTerm": You should create a template file which matches Hugo Layouts Lookup Rules for this combination.
WARN 2019/08/18 16:01:31 found no layout file for "HTML" for "taxonomyTerm": You should create a template file which matches Hugo Layouts Lookup Rules for this combination.
WARN 2019/08/18 16:01:31 found no layout file for "HTML" for "taxonomyTerm": You should create a template file which matches Hugo Layouts Lookup Rules for this combination.
WARN 2019/08/18 16:01:31 found no layout file for "HTML" for "taxonomyTerm": You should create a template file which matches Hugo Layouts Lookup Rules for this combination.
WARN 2019/08/18 16:01:31 found no layout file for "HTML" for "taxonomyTerm": You should create a template file which matches Hugo Layouts Lookup Rules for this combination.
WARN 2019/08/18 16:01:31 found no layout file for "HTML" for "taxonomyTerm": You should create a template file which matches Hugo Layouts Lookup Rules for this combination.
LOG:   2019/08/18 16:01:31 Total in 128 ms
LOG:   2019/08/18 16:01:31 Watching for config changes in D:\dev\hugo\nervous-lettuce\config.yaml
INFO 2019/08/18 16:03:11 Using config file: 
INFO 2019/08/18 16:03:11 syncing static files to D:\dev\hugo\nervous-lettuce\
INFO 2019/08/18 16:03:11 found taxonomies: map[string]string{"category":"categories", "tag":"tags"}
INFO 2019/08/18 16:03:11 found taxonomies: map[string]string{"category":"categories", "tag":"tags"}
INFO 2019/08/18 16:03:11 found taxonomies: map[string]string{"category":"categories", "tag":"tags"}
WARN 2019/08/18 16:03:11 found no layout file for "HTML" for "section": You should create a template file which matches Hugo Layouts Lookup Rules for this combination.
WARN 2019/08/18 16:03:11 found no layout file for "HTML" for "section": You should create a template file which matches Hugo Layouts Lookup Rules for this combination.
WARN 2019/08/18 16:03:11 found no layout file for "HTML" for "taxonomyTerm": You should create a template file which matches Hugo Layouts Lookup Rules for this combination.
WARN 2019/08/18 16:03:11 found no layout file for "HTML" for "taxonomyTerm": You should create a template file which matches Hugo Layouts Lookup Rules for this combination.
WARN 2019/08/18 16:03:11 found no layout file for "HTML" for "taxonomyTerm": You should create a template file which matches Hugo Layouts Lookup Rules for this combination.
WARN 2019/08/18 16:03:11 found no layout file for "HTML" for "taxonomyTerm": You should create a template file which matches Hugo Layouts Lookup Rules for this combination.
WARN 2019/08/18 16:03:11 found no layout file for "HTML" for "taxonomyTerm": You should create a template file which matches Hugo Layouts Lookup Rules for this combination.
WARN 2019/08/18 16:03:11 found no layout file for "HTML" for "taxonomyTerm": You should create a template file which matches Hugo Layouts Lookup Rules for this combination.
LOG:   2019/08/18 16:03:11 Total in 135 ms
LOG:   2019/08/18 16:03:11 Watching for config changes in D:\dev\hugo\nervous-lettuce\config.yaml
